[term] 中介: matched_rows=180 shards=30
[ok] 中介 shard 1/30 items=6 elapsed=6.308s
[ok] 中介 shard 2/30 items=3 elapsed=3.252s
[ok] 中介 shard 3/30 items=5 elapsed=5.031s
[ok] 中介 shard 4/30 items=10 elapsed=9.553s
[ok] 中介 shard 5/30 items=5 elapsed=5.302s
[ok] 中介 shard 6/30 items=8 elapsed=6.836s
[ok] 中介 shard 7/30 items=6 elapsed=4.938s
[ok] 中介 shard 8/30 items=4 elapsed=4.586s
[ok] 中介 shard 9/30 items=4 elapsed=4.545s
[ok] 中介 shard 10/30 items=5 elapsed=4.735s
[ok] 中介 shard 11/30 items=10 elapsed=10.904s
[ok] 中介 shard 12/30 items=5 elapsed=5.324s
[ok] 中介 shard 13/30 items=10 elapsed=10.217s
[ok] 中介 shard 14/30 items=11 elapsed=10.747s
[ok] 中介 shard 15/30 items=9 elapsed=9.602s
[ok] 中介 shard 16/30 items=4 elapsed=5.478s
[error] 中介 shard 17/30 items=0 elapsed=8.371s
[ok] 中介 shard 18/30 items=7 elapsed=7.62s
[error] 中介 shard 19/30 items=0 elapsed=180.1s
[ok] 中介 shard 20/30 items=7 elapsed=7.388s
[ok] 中介 shard 21/30 items=4 elapsed=4.875s
[ok] 中介 shard 22/30 items=6 elapsed=9.411s
[ok] 中介 shard 23/30 items=8 elapsed=9.934s
[ok] 中介 shard 24/30 items=4 elapsed=4.785s
[ok] 中介 shard 25/30 items=10 elapsed=11.169s
[ok] 中介 shard 26/30 items=7 elapsed=8.607s
[ok] 中介 shard 27/30 items=5 elapsed=5.805s
[ok] 中介 shard 28/30 items=3 elapsed=4.049s
[ok] 中介 shard 29/30 items=3 elapsed=4.003s
[ok] 中介 shard 30/30 items=6 elapsed=7.331s
[term] 实体: matched_rows=141 shards=24
[ok] 实体 shard 1/24 items=5 elapsed=6.167s
[ok] 实体 shard 2/24 items=11 elapsed=10.91s
[ok] 实体 shard 3/24 items=4 elapsed=4.565s
[ok] 实体 shard 4/24 items=8 elapsed=9.446s
[ok] 实体 shard 5/24 items=9 elapsed=9.516s
[ok] 实体 shard 6/24 items=8 elapsed=8.719s
[ok] 实体 shard 7/24 items=11 elapsed=12.653s
[ok] 实体 shard 8/24 items=11 elapsed=11.773s
[error] 实体 shard 9/24 items=0 elapsed=7.035s
[ok] 实体 shard 10/24 items=9 elapsed=10.001s
[ok] 实体 shard 11/24 items=8 elapsed=8.157s
[ok] 实体 shard 12/24 items=7 elapsed=6.929s
[ok] 实体 shard 13/24 items=10 elapsed=10.371s
[ok] 实体 shard 14/24 items=11 elapsed=10.832s
[ok] 实体 shard 15/24 items=11 elapsed=11.354s
[ok] 实体 shard 16/24 items=11 elapsed=10.053s
[ok] 实体 shard 17/24 items=4 elapsed=4.828s
[ok] 实体 shard 18/24 items=9 elapsed=9.388s
[ok] 实体 shard 19/24 items=8 elapsed=10.541s
[ok] 实体 shard 20/24 items=4 elapsed=5.324s
[ok] 实体 shard 21/24 items=8 elapsed=8.655s
[ok] 实体 shard 22/24 items=11 elapsed=11.895s
[ok] 实体 shard 23/24 items=4 elapsed=4.908s
[ok] 实体 shard 24/24 items=6 elapsed=6.363s
[term] 物质: matched_rows=176 shards=30
[ok] 物质 shard 1/30 items=4 elapsed=5.495s
[ok] 物质 shard 2/30 items=9 elapsed=11.492s
[ok] 物质 shard 3/30 items=4 elapsed=5.048s
[ok] 物质 shard 4/30 items=3 elapsed=3.884s
[ok] 物质 shard 5/30 items=4 elapsed=4.7s
[ok] 物质 shard 6/30 items=6 elapsed=7.066s
[ok] 物质 shard 7/30 items=5 elapsed=5.367s
[ok] 物质 shard 8/30 items=5 elapsed=5.974s
[ok] 物质 shard 9/30 items=6 elapsed=7.527s
[ok] 物质 shard 10/30 items=4 elapsed=4.728s
[ok] 物质 shard 11/30 items=6 elapsed=6.139s
[ok] 物质 shard 12/30 items=11 elapsed=11.608s
[ok] 物质 shard 13/30 items=6 elapsed=5.663s
[ok] 物质 shard 14/30 items=5 elapsed=5.407s
[ok] 物质 shard 15/30 items=5 elapsed=5.917s
[ok] 物质 shard 16/30 items=10 elapsed=10.453s
[ok] 物质 shard 17/30 items=7 elapsed=8.692s
[ok] 物质 shard 18/30 items=6 elapsed=7.533s
[ok] 物质 shard 19/30 items=4 elapsed=5.048s
[ok] 物质 shard 20/30 items=4 elapsed=4.825s
[ok] 物质 shard 21/30 items=6 elapsed=6.764s
[ok] 物质 shard 22/30 items=5 elapsed=5.314s
[ok] 物质 shard 23/30 items=6 elapsed=7.369s
[ok] 物质 shard 24/30 items=7 elapsed=7.731s
[ok] 物质 shard 25/30 items=10 elapsed=11.84s
[ok] 物质 shard 26/30 items=4 elapsed=5.387s
[ok] 物质 shard 27/30 items=5 elapsed=5.693s
[ok] 物质 shard 28/30 items=4 elapsed=4.932s
[ok] 物质 shard 29/30 items=6 elapsed=5.799s
[ok] 物质 shard 30/30 items=6 elapsed=5.814s
[term] 符号: matched_rows=180 shards=30
[ok] 符号 shard 1/30 items=8 elapsed=8.996s
[ok] 符号 shard 2/30 items=10 elapsed=11.555s
[ok] 符号 shard 3/30 items=10 elapsed=10.78s
[ok] 符号 shard 4/30 items=8 elapsed=8.717s
[ok] 符号 shard 5/30 items=11 elapsed=11.541s
[ok] 符号 shard 6/30 items=6 elapsed=7.793s
[ok] 符号 shard 7/30 items=6 elapsed=7.381s
[ok] 符号 shard 8/30 items=8 elapsed=8.989s
[ok] 符号 shard 9/30 items=5 elapsed=5.473s
[ok] 符号 shard 10/30 items=11 elapsed=10.533s
[error] 符号 shard 11/30 items=0 elapsed=180.1s
[ok] 符号 shard 12/30 items=8 elapsed=9.163s
[ok] 符号 shard 13/30 items=6 elapsed=8.283s
[ok] 符号 shard 14/30 items=8 elapsed=8.84s
[ok] 符号 shard 15/30 items=9 elapsed=11.145s
[ok] 符号 shard 16/30 items=10 elapsed=11.734s
[ok] 符号 shard 17/30 items=6 elapsed=5.912s
[ok] 符号 shard 18/30 items=5 elapsed=6.84s
[ok] 符号 shard 19/30 items=5 elapsed=6.297s
[ok] 符号 shard 20/30 items=6 elapsed=6.934s
[ok] 符号 shard 21/30 items=6 elapsed=7.774s
[ok] 符号 shard 22/30 items=8 elapsed=9.004s
[ok] 符号 shard 23/30 items=9 elapsed=8.157s
[ok] 符号 shard 24/30 items=12 elapsed=11.022s
[ok] 符号 shard 25/30 items=5 elapsed=5.399s
[ok] 符号 shard 26/30 items=10 elapsed=10.224s
[ok] 符号 shard 27/30 items=6 elapsed=6.611s
[ok] 符号 shard 28/30 items=11 elapsed=13.487s
[ok] 符号 shard 29/30 items=4 elapsed=4.842s
[ok] 符号 shard 30/30 items=9 elapsed=10.052s
[term] 符号秩序: matched_rows=23 shards=4
[ok] 符号秩序 shard 1/4 items=5 elapsed=6.221s
[ok] 符号秩序 shard 2/4 items=6 elapsed=7.368s
[ok] 符号秩序 shard 3/4 items=10 elapsed=11.823s
[ok] 符号秩序 shard 4/4 items=5 elapsed=5.42s
[term] 场域: matched_rows=180 shards=30
[ok] 场域 shard 1/30 items=8 elapsed=10.612s
[ok] 场域 shard 2/30 items=8 elapsed=9.612s
[ok] 场域 shard 3/30 items=7 elapsed=8.775s
[ok] 场域 shard 4/30 items=6 elapsed=7.251s
[ok] 场域 shard 5/30 items=6 elapsed=6.707s
[ok] 场域 shard 6/30 items=5 elapsed=4.817s
[ok] 场域 shard 7/30 items=6 elapsed=7.427s
[error] 场域 shard 8/30 items=0 elapsed=8.722s
[ok] 场域 shard 9/30 items=7 elapsed=9.472s
[ok] 场域 shard 10/30 items=5 elapsed=6.54s
[error] 场域 shard 11/30 items=0 elapsed=7.196s
[ok] 场域 shard 12/30 items=8 elapsed=9.959s
[ok] 场域 shard 13/30 items=7 elapsed=10.238s
[ok] 场域 shard 14/30 items=7 elapsed=10.349s
[ok] 场域 shard 15/30 items=5 elapsed=6.636s
[ok] 场域 shard 16/30 items=5 elapsed=6.631s
[ok] 场域 shard 17/30 items=5 elapsed=5.783s
[ok] 场域 shard 18/30 items=4 elapsed=6.97s
[ok] 场域 shard 19/30 items=5 elapsed=5.808s
[ok] 场域 shard 20/30 items=7 elapsed=9.181s
[ok] 场域 shard 21/30 items=6 elapsed=7.978s
[ok] 场域 shard 22/30 items=4 elapsed=5.599s
[ok] 场域 shard 23/30 items=6 elapsed=7.97s
[ok] 场域 shard 24/30 items=5 elapsed=5.652s
[ok] 场域 shard 25/30 items=4 elapsed=5.661s
[ok] 场域 shard 26/30 items=5 elapsed=6.16s
[ok] 场域 shard 27/30 items=6 elapsed=7.75s
[ok] 场域 shard 28/30 items=7 elapsed=8.781s
[ok] 场域 shard 29/30 items=5 elapsed=6.59s
[ok] 场域 shard 30/30 items=4 elapsed=5.414s
[term] 场域论: matched_rows=180 shards=30
[ok] 场域论 shard 1/30 items=8 elapsed=10.693s
[ok] 场域论 shard 2/30 items=9 elapsed=11.863s
[ok] 场域论 shard 3/30 items=4 elapsed=5.899s
[ok] 场域论 shard 4/30 items=6 elapsed=8.102s
[ok] 场域论 shard 5/30 items=7 elapsed=7.552s
[ok] 场域论 shard 6/30 items=7 elapsed=8.117s
[ok] 场域论 shard 7/30 items=6 elapsed=6.833s
[ok] 场域论 shard 8/30 items=8 elapsed=9.491s
[ok] 场域论 shard 9/30 items=7 elapsed=8.005s
[ok] 场域论 shard 10/30 items=6 elapsed=7.37s
[ok] 场域论 shard 11/30 items=9 elapsed=12.011s
[ok] 场域论 shard 12/30 items=5 elapsed=5.588s
[ok] 场域论 shard 13/30 items=6 elapsed=7.84s
[ok] 场域论 shard 14/30 items=5 elapsed=7.721s
[ok] 场域论 shard 15/30 items=13 elapsed=15.289s
[ok] 场域论 shard 16/30 items=6 elapsed=9.79s
[ok] 场域论 shard 17/30 items=6 elapsed=8.276s
[ok] 场域论 shard 18/30 items=7 elapsed=15.107s
[ok] 场域论 shard 19/30 items=7 elapsed=9.308s
[ok] 场域论 shard 20/30 items=4 elapsed=6.039s
[ok] 场域论 shard 21/30 items=6 elapsed=7.176s
[ok] 场域论 shard 22/30 items=6 elapsed=7.499s
[ok] 场域论 shard 23/30 items=6 elapsed=7.461s
[ok] 场域论 shard 24/30 items=6 elapsed=6.538s
[ok] 场域论 shard 25/30 items=4 elapsed=5.492s
[ok] 场域论 shard 26/30 items=8 elapsed=11.451s
[ok] 场域论 shard 27/30 items=6 elapsed=5.461s
[ok] 场域论 shard 28/30 items=5 elapsed=7.386s
[ok] 场域论 shard 29/30 items=8 elapsed=11.399s
[ok] 场域论 shard 30/30 items=4 elapsed=4.942s
[term] 本体论: matched_rows=180 shards=30
[ok] 本体论 shard 1/30 items=9 elapsed=10.133s
[ok] 本体论 shard 2/30 items=6 elapsed=7.19s
[ok] 本体论 shard 3/30 items=4 elapsed=5.479s
[ok] 本体论 shard 4/30 items=11 elapsed=11.187s
[ok] 本体论 shard 5/30 items=5 elapsed=6.536s
[error] 本体论 shard 6/30 items=0 elapsed=180.1s
[ok] 本体论 shard 7/30 items=6 elapsed=7.802s
[ok] 本体论 shard 8/30 items=10 elapsed=11.362s
[ok] 本体论 shard 9/30 items=5 elapsed=6.172s
[ok] 本体论 shard 10/30 items=6 elapsed=7.253s
[ok] 本体论 shard 11/30 items=10 elapsed=10.662s
[ok] 本体论 shard 12/30 items=11 elapsed=13.154s
[error] 本体论 shard 13/30 items=0 elapsed=9.608s
[ok] 本体论 shard 14/30 items=10 elapsed=10.654s
[ok] 本体论 shard 15/30 items=8 elapsed=8.811s
[ok] 本体论 shard 16/30 items=7 elapsed=7.577s
[ok] 本体论 shard 17/30 items=10 elapsed=9.083s
[ok] 本体论 shard 18/30 items=8 elapsed=7.681s
[ok] 本体论 shard 19/30 items=10 elapsed=12.827s
[ok] 本体论 shard 20/30 items=5 elapsed=6.375s
[ok] 本体论 shard 21/30 items=8 elapsed=8.667s
[ok] 本体论 shard 22/30 items=9 elapsed=9.308s
[ok] 本体论 shard 23/30 items=9 elapsed=10.01s
[ok] 本体论 shard 24/30 items=7 elapsed=8.787s
[ok] 本体论 shard 25/30 items=5 elapsed=6.038s
[ok] 本体论 shard 26/30 items=5 elapsed=7.771s
[ok] 本体论 shard 27/30 items=9 elapsed=9.682s
[ok] 本体论 shard 28/30 items=4 elapsed=5.369s
[ok] 本体论 shard 29/30 items=6 elapsed=8.264s
[ok] 本体论 shard 30/30 items=8 elapsed=9.131s
[term] 认识论: matched_rows=180 shards=30
[ok] 认识论 shard 1/30 items=11 elapsed=13.173s
[ok] 认识论 shard 2/30 items=8 elapsed=10.547s
[ok] 认识论 shard 3/30 items=10 elapsed=11.232s
[ok] 认识论 shard 4/30 items=5 elapsed=5.943s
[ok] 认识论 shard 5/30 items=8 elapsed=8.986s
[ok] 认识论 shard 6/30 items=8 elapsed=9.335s
[ok] 认识论 shard 7/30 items=11 elapsed=14.504s
[ok] 认识论 shard 8/30 items=7 elapsed=8.381s
[ok] 认识论 shard 9/30 items=11 elapsed=12.716s
[ok] 认识论 shard 10/30 items=6 elapsed=7.453s
[ok] 认识论 shard 11/30 items=6 elapsed=6.657s
[ok] 认识论 shard 12/30 items=5 elapsed=6.311s
[ok] 认识论 shard 13/30 items=8 elapsed=8.109s
[ok] 认识论 shard 14/30 items=10 elapsed=12.018s
[ok] 认识论 shard 15/30 items=8 elapsed=8.811s
[ok] 认识论 shard 16/30 items=26 elapsed=16.154s
[ok] 认识论 shard 17/30 items=6 elapsed=7.187s
[ok] 认识论 shard 18/30 items=9 elapsed=8.336s
[ok] 认识论 shard 19/30 items=6 elapsed=7.409s
[ok] 认识论 shard 20/30 items=6 elapsed=6.669s
[ok] 认识论 shard 21/30 items=10 elapsed=10.41s
[ok] 认识论 shard 22/30 items=6 elapsed=7.291s
[ok] 认识论 shard 23/30 items=5 elapsed=6.516s
[ok] 认识论 shard 24/30 items=6 elapsed=8.375s
[ok] 认识论 shard 25/30 items=5 elapsed=6.058s
[ok] 认识论 shard 26/30 items=7 elapsed=9.302s
[ok] 认识论 shard 27/30 items=7 elapsed=9.125s
[ok] 认识论 shard 28/30 items=7 elapsed=10.419s
[ok] 认识论 shard 29/30 items=5 elapsed=6.039s
[ok] 认识论 shard 30/30 items=4 elapsed=5.602s
[term] 目的论: matched_rows=180 shards=30
[ok] 目的论 shard 1/30 items=9 elapsed=10.288s
[ok] 目的论 shard 2/30 items=5 elapsed=7.477s
[ok] 目的论 shard 3/30 items=6 elapsed=7.302s
[ok] 目的论 shard 4/30 items=9 elapsed=11.181s
[ok] 目的论 shard 5/30 items=7 elapsed=7.535s
[ok] 目的论 shard 6/30 items=8 elapsed=9.663s
[ok] 目的论 shard 7/30 items=8 elapsed=8.453s
[ok] 目的论 shard 8/30 items=4 elapsed=5.263s
[ok] 目的论 shard 9/30 items=7 elapsed=8.299s
[ok] 目的论 shard 10/30 items=10 elapsed=9.405s
[ok] 目的论 shard 11/30 items=5 elapsed=6.327s
[ok] 目的论 shard 12/30 items=5 elapsed=6.933s
[ok] 目的论 shard 13/30 items=6 elapsed=7.253s
[ok] 目的论 shard 14/30 items=8 elapsed=10.481s
[ok] 目的论 shard 15/30 items=6 elapsed=7.394s
[ok] 目的论 shard 16/30 items=4 elapsed=4.892s
[ok] 目的论 shard 17/30 items=4 elapsed=4.821s
[ok] 目的论 shard 18/30 items=4 elapsed=5.94s
[ok] 目的论 shard 19/30 items=5 elapsed=5.69s
[ok] 目的论 shard 20/30 items=6 elapsed=7.403s
[ok] 目的论 shard 21/30 items=4 elapsed=5.695s
[ok] 目的论 shard 22/30 items=5 elapsed=6.472s
[ok] 目的论 shard 23/30 items=6 elapsed=7.979s
[ok] 目的论 shard 24/30 items=4 elapsed=4.911s
[ok] 目的论 shard 25/30 items=6 elapsed=7.599s
[ok] 目的论 shard 26/30 items=5 elapsed=5.315s
[ok] 目的论 shard 27/30 items=6 elapsed=7.15s
[ok] 目的论 shard 28/30 items=10 elapsed=8.991s
[ok] 目的论 shard 29/30 items=5 elapsed=5.64s
[ok] 目的论 shard 30/30 items=4 elapsed=5.087s
[term] 意识形态: matched_rows=180 shards=30
[ok] 意识形态 shard 1/30 items=8 elapsed=9.78s
[ok] 意识形态 shard 2/30 items=10 elapsed=10.216s
[ok] 意识形态 shard 3/30 items=6 elapsed=6.674s
[ok] 意识形态 shard 4/30 items=6 elapsed=7.784s
[ok] 意识形态 shard 5/30 items=10 elapsed=14.303s
[ok] 意识形态 shard 6/30 items=8 elapsed=9.309s
[ok] 意识形态 shard 7/30 items=11 elapsed=14.833s
[ok] 意识形态 shard 8/30 items=11 elapsed=13.236s
[ok] 意识形态 shard 9/30 items=5 elapsed=6.368s
[ok] 意识形态 shard 10/30 items=7 elapsed=8.26s
[ok] 意识形态 shard 11/30 items=8 elapsed=11.831s
[ok] 意识形态 shard 12/30 items=7 elapsed=8.495s
[ok] 意识形态 shard 13/30 items=6 elapsed=7.433s
[ok] 意识形态 shard 14/30 items=5 elapsed=5.713s
[ok] 意识形态 shard 15/30 items=10 elapsed=13.559s
[ok] 意识形态 shard 16/30 items=5 elapsed=6.454s
[ok] 意识形态 shard 17/30 items=7 elapsed=7.435s
[ok] 意识形态 shard 18/30 items=4 elapsed=4.788s
[ok] 意识形态 shard 19/30 items=5 elapsed=6.042s
[ok] 意识形态 shard 20/30 items=4 elapsed=5.326s
[ok] 意识形态 shard 21/30 items=7 elapsed=8.787s
[ok] 意识形态 shard 22/30 items=8 elapsed=9.751s
[ok] 意识形态 shard 23/30 items=10 elapsed=11.182s
[ok] 意识形态 shard 24/30 items=6 elapsed=6.859s
[ok] 意识形态 shard 25/30 items=8 elapsed=8.503s
[ok] 意识形态 shard 26/30 items=5 elapsed=6.661s
[ok] 意识形态 shard 27/30 items=10 elapsed=11.719s
[ok] 意识形态 shard 28/30 items=10 elapsed=11.083s
[ok] 意识形态 shard 29/30 items=8 elapsed=7.923s
[ok] 意识形态 shard 30/30 items=5 elapsed=6.868s
[term] 理论家: matched_rows=52 shards=9
[ok] 理论家 shard 1/9 items=5 elapsed=7.791s
[ok] 理论家 shard 2/9 items=4 elapsed=5.041s
[ok] 理论家 shard 3/9 items=10 elapsed=12.813s
[ok] 理论家 shard 4/9 items=11 elapsed=10.695s
[ok] 理论家 shard 5/9 items=11 elapsed=11.436s
[error] 理论家 shard 6/9 items=0 elapsed=180.1s
[ok] 理论家 shard 7/9 items=7 elapsed=9.696s
[ok] 理论家 shard 8/9 items=6 elapsed=6.239s
[ok] 理论家 shard 9/9 items=3 elapsed=3.328s
[term] 实践单元: matched_rows=64 shards=11
[ok] 实践单元 shard 1/11 items=8 elapsed=9.623s
[ok] 实践单元 shard 2/11 items=5 elapsed=6.815s
[ok] 实践单元 shard 3/11 items=8 elapsed=10.117s
[ok] 实践单元 shard 4/11 items=7 elapsed=10.698s
[ok] 实践单元 shard 5/11 items=5 elapsed=5.283s
[ok] 实践单元 shard 6/11 items=6 elapsed=8.419s
[ok] 实践单元 shard 7/11 items=6 elapsed=7.118s
[ok] 实践单元 shard 8/11 items=6 elapsed=7.623s
[ok] 实践单元 shard 9/11 items=6 elapsed=8.064s
[ok] 实践单元 shard 10/11 items=7 elapsed=8.952s
[ok] 实践单元 shard 11/11 items=6 elapsed=8.082s
[term] 闭合: matched_rows=103 shards=18
[ok] 闭合 shard 1/18 items=5 elapsed=5.586s
[ok] 闭合 shard 2/18 items=7 elapsed=7.904s
[ok] 闭合 shard 3/18 items=5 elapsed=5.366s
[ok] 闭合 shard 4/18 items=6 elapsed=8.159s
[ok] 闭合 shard 5/18 items=6 elapsed=6.556s
[ok] 闭合 shard 6/18 items=7 elapsed=10.076s
[ok] 闭合 shard 7/18 items=5 elapsed=6.649s
[ok] 闭合 shard 8/18 items=7 elapsed=8.387s
[ok] 闭合 shard 9/18 items=6 elapsed=8.149s
[ok] 闭合 shard 10/18 items=8 elapsed=8.721s
[ok] 闭合 shard 11/18 items=5 elapsed=6.038s
[ok] 闭合 shard 12/18 items=6 elapsed=6.439s
[ok] 闭合 shard 13/18 items=5 elapsed=5.891s
[ok] 闭合 shard 14/18 items=4 elapsed=5.117s
[ok] 闭合 shard 15/18 items=5 elapsed=5.707s
[ok] 闭合 shard 16/18 items=5 elapsed=6.092s
[ok] 闭合 shard 17/18 items=4 elapsed=5.014s
[ok] 闭合 shard 18/18 items=1 elapsed=1.183s
[term] 有限性: matched_rows=62 shards=11
[ok] 有限性 shard 1/11 items=6 elapsed=6.23s
[ok] 有限性 shard 2/11 items=8 elapsed=9.074s
[ok] 有限性 shard 3/11 items=5 elapsed=6.348s
[ok] 有限性 shard 4/11 items=6 elapsed=6.746s
[ok] 有限性 shard 5/11 items=8 elapsed=8.419s
[ok] 有限性 shard 6/11 items=7 elapsed=7.681s
[ok] 有限性 shard 7/11 items=9 elapsed=9.328s
[ok] 有限性 shard 8/11 items=8 elapsed=9.324s
[ok] 有限性 shard 9/11 items=6 elapsed=8.074s
[ok] 有限性 shard 10/11 items=6 elapsed=6.397s
[ok] 有限性 shard 11/11 items=3 elapsed=3.147s
[term] 误认: matched_rows=14 shards=3
[ok] 误认 shard 1/3 items=4 elapsed=4.271s
[ok] 误认 shard 2/3 items=3 elapsed=3.884s
[ok] 误认 shard 3/3 items=1 elapsed=1.336s
[term] 跃迁: matched_rows=8 shards=2
[ok] 跃迁 shard 1/2 items=4 elapsed=4.489s
[ok] 跃迁 shard 2/2 items=2 elapsed=2.456s
[term] 主体性: matched_rows=180 shards=30
[ok] 主体性 shard 1/30 items=7 elapsed=7.626s
[ok] 主体性 shard 2/30 items=6 elapsed=7.457s
[ok] 主体性 shard 3/30 items=10 elapsed=9.642s
[ok] 主体性 shard 4/30 items=6 elapsed=8.353s
[ok] 主体性 shard 5/30 items=10 elapsed=11.626s
[ok] 主体性 shard 6/30 items=6 elapsed=6.252s
[ok] 主体性 shard 7/30 items=9 elapsed=10.759s
[ok] 主体性 shard 8/30 items=7 elapsed=8.12s
[error] 主体性 shard 9/30 items=0 elapsed=7.327s
[ok] 主体性 shard 10/30 items=6 elapsed=7.352s
[ok] 主体性 shard 11/30 items=5 elapsed=6.094s
[ok] 主体性 shard 12/30 items=8 elapsed=9.767s
[ok] 主体性 shard 13/30 items=9 elapsed=9.887s
[ok] 主体性 shard 14/30 items=11 elapsed=11.504s
[ok] 主体性 shard 15/30 items=6 elapsed=7.999s
[ok] 主体性 shard 16/30 items=10 elapsed=11.944s
[ok] 主体性 shard 17/30 items=10 elapsed=12.253s
[ok] 主体性 shard 18/30 items=12 elapsed=13.577s
[ok] 主体性 shard 19/30 items=8 elapsed=8.628s
[ok] 主体性 shard 20/30 items=10 elapsed=10.289s
[error] 主体性 shard 21/30 items=0 elapsed=180.1s
[ok] 主体性 shard 22/30 items=8 elapsed=10.626s
[ok] 主体性 shard 23/30 items=6 elapsed=7.959s
[ok] 主体性 shard 24/30 items=7 elapsed=7.536s
[ok] 主体性 shard 25/30 items=8 elapsed=9.066s
[ok] 主体性 shard 26/30 items=6 elapsed=7.999s
[ok] 主体性 shard 27/30 items=8 elapsed=8.468s
[ok] 主体性 shard 28/30 items=8 elapsed=9.627s
[ok] 主体性 shard 29/30 items=6 elapsed=7.219s
[ok] 主体性 shard 30/30 items=11 elapsed=12.673s
[term] 客体性: matched_rows=33 shards=6
[ok] 客体性 shard 1/6 items=4 elapsed=4.805s
[ok] 客体性 shard 2/6 items=4 elapsed=4.936s
[ok] 客体性 shard 3/6 items=10 elapsed=12.39s
[ok] 客体性 shard 4/6 items=4 elapsed=5.094s
[ok] 客体性 shard 5/6 items=8 elapsed=10.162s
[ok] 客体性 shard 6/6 items=6 elapsed=7.199s
[term] 历史性: matched_rows=65 shards=11
[ok] 历史性 shard 1/11 items=9 elapsed=10.645s
[ok] 历史性 shard 2/11 items=6 elapsed=7.282s
[ok] 历史性 shard 3/11 items=8 elapsed=9.538s
[ok] 历史性 shard 4/11 items=7 elapsed=7.312s
[ok] 历史性 shard 5/11 items=5 elapsed=5.529s
[ok] 历史性 shard 6/11 items=5 elapsed=5.746s
[ok] 历史性 shard 7/11 items=5 elapsed=5.551s
[ok] 历史性 shard 8/11 items=11 elapsed=12.435s
[error] 历史性 shard 9/11 items=0 elapsed=10.796s
[ok] 历史性 shard 10/11 items=10 elapsed=10.139s
[ok] 历史性 shard 11/11 items=10 elapsed=13.437s
[term] 现实: matched_rows=180 shards=30
[ok] 现实 shard 1/30 items=12 elapsed=13.158s
[ok] 现实 shard 2/30 items=9 elapsed=9.162s
[ok] 现实 shard 3/30 items=11 elapsed=14.604s
[ok] 现实 shard 4/30 items=6 elapsed=7.292s
[ok] 现实 shard 5/30 items=7 elapsed=7.355s
[ok] 现实 shard 6/30 items=6 elapsed=5.503s
[ok] 现实 shard 7/30 items=7 elapsed=8.822s
[ok] 现实 shard 8/30 items=8 elapsed=9.286s
[ok] 现实 shard 9/30 items=7 elapsed=7.7s
[ok] 现实 shard 10/30 items=4 elapsed=5.09s
[ok] 现实 shard 11/30 items=9 elapsed=10.931s
[ok] 现实 shard 12/30 items=8 elapsed=9.621s
[ok] 现实 shard 13/30 items=11 elapsed=10.631s
[ok] 现实 shard 14/30 items=9 elapsed=9.359s
[ok] 现实 shard 15/30 items=12 elapsed=13.626s
[ok] 现实 shard 16/30 items=8 elapsed=9.858s
[ok] 现实 shard 17/30 items=7 elapsed=8.087s
[ok] 现实 shard 18/30 items=4 elapsed=4.13s
[ok] 现实 shard 19/30 items=7 elapsed=8.165s
[ok] 现实 shard 20/30 items=6 elapsed=7.233s
[ok] 现实 shard 21/30 items=5 elapsed=6.386s
[ok] 现实 shard 22/30 items=9 elapsed=8.553s
[ok] 现实 shard 23/30 items=11 elapsed=12.882s
[ok] 现实 shard 24/30 items=7 elapsed=8.154s
[ok] 现实 shard 25/30 items=10 elapsed=10.906s
[ok] 现实 shard 26/30 items=8 elapsed=9.187s
[error] 现实 shard 27/30 items=0 elapsed=10.561s
[ok] 现实 shard 28/30 items=7 elapsed=9.501s
[error] 现实 shard 29/30 items=0 elapsed=14.22s
[ok] 现实 shard 30/30 items=6 elapsed=8.601s
[term] 现实化: matched_rows=24 shards=4
[ok] 现实化 shard 1/4 items=5 elapsed=6.318s
[ok] 现实化 shard 2/4 items=9 elapsed=10.958s
[ok] 现实化 shard 3/4 items=5 elapsed=5.394s
[ok] 现实化 shard 4/4 items=6 elapsed=7.852s
[term] 生活: matched_rows=180 shards=30
[ok] 生活 shard 1/30 items=5 elapsed=7.647s
[ok] 生活 shard 2/30 items=3 elapsed=3.714s
[ok] 生活 shard 3/30 items=7 elapsed=7.929s
[ok] 生活 shard 4/30 items=6 elapsed=7.238s
[ok] 生活 shard 5/30 items=6 elapsed=7.027s
[ok] 生活 shard 6/30 items=8 elapsed=9.456s
[ok] 生活 shard 7/30 items=6 elapsed=7.45s
[ok] 生活 shard 8/30 items=5 elapsed=6.414s
[ok] 生活 shard 9/30 items=3 elapsed=3.572s
[ok] 生活 shard 10/30 items=3 elapsed=3.875s
[error] 生活 shard 11/30 items=0 elapsed=6.385s
[ok] 生活 shard 12/30 items=5 elapsed=6.167s
[ok] 生活 shard 13/30 items=3 elapsed=3.855s
[ok] 生活 shard 14/30 items=2 elapsed=2.43s
[ok] 生活 shard 15/30 items=3 elapsed=4.175s
[ok] 生活 shard 16/30 items=4 elapsed=5.496s
[ok] 生活 shard 17/30 items=7 elapsed=7.385s
[ok] 生活 shard 18/30 items=9 elapsed=10.912s
[ok] 生活 shard 19/30 items=4 elapsed=4.744s
[ok] 生活 shard 20/30 items=7 elapsed=8.141s
[ok] 生活 shard 21/30 items=5 elapsed=6.268s
[ok] 生活 shard 22/30 items=9 elapsed=9.067s
[ok] 生活 shard 23/30 items=4 elapsed=5.535s
[ok] 生活 shard 24/30 items=11 elapsed=12.291s
[ok] 生活 shard 25/30 items=11 elapsed=11.873s
[ok] 生活 shard 26/30 items=5 elapsed=5.062s
[ok] 生活 shard 27/30 items=5 elapsed=5.288s
[ok] 生活 shard 28/30 items=12 elapsed=12.346s
[ok] 生活 shard 29/30 items=12 elapsed=13.807s
[ok] 生活 shard 30/30 items=5 elapsed=6.601s
[term] 异化: matched_rows=101 shards=17
[ok] 异化 shard 1/17 items=3 elapsed=4.19s
[ok] 异化 shard 2/17 items=5 elapsed=6.381s
[ok] 异化 shard 3/17 items=1 elapsed=2.069s
[ok] 异化 shard 4/17 items=3 elapsed=3.743s
[ok] 异化 shard 5/17 items=3 elapsed=3.869s
[ok] 异化 shard 6/17 items=5 elapsed=7.175s
[ok] 异化 shard 7/17 items=6 elapsed=7.345s
[ok] 异化 shard 8/17 items=4 elapsed=5.062s
[ok] 异化 shard 9/17 items=6 elapsed=7.618s
[ok] 异化 shard 10/17 items=6 elapsed=6.841s
[ok] 异化 shard 11/17 items=9 elapsed=10.798s
[ok] 异化 shard 12/17 items=6 elapsed=7.514s
[ok] 异化 shard 13/17 items=11 elapsed=11.797s
[ok] 异化 shard 14/17 items=7 elapsed=9.62s
[ok] 异化 shard 15/17 items=8 elapsed=8.111s
[ok] 异化 shard 16/17 items=9 elapsed=10.822s
[ok] 异化 shard 17/17 items=4 elapsed=4.964s
[term] 物神化: matched_rows=7 shards=2
[ok] 物神化 shard 1/2 items=6 elapsed=6.752s
[ok] 物神化 shard 2/2 items=1 elapsed=1.09s
[term] 欲望: matched_rows=102 shards=17
[ok] 欲望 shard 1/17 items=3 elapsed=3.419s
[ok] 欲望 shard 2/17 items=4 elapsed=5.787s
[ok] 欲望 shard 3/17 items=6 elapsed=6.9s
[ok] 欲望 shard 4/17 items=7 elapsed=9.371s
[ok] 欲望 shard 5/17 items=9 elapsed=10.519s
[ok] 欲望 shard 6/17 items=3 elapsed=3.984s
[ok] 欲望 shard 7/17 items=6 elapsed=7.616s
[ok] 欲望 shard 8/17 items=3 elapsed=4.537s
[ok] 欲望 shard 9/17 items=8 elapsed=7.569s
[ok] 欲望 shard 10/17 items=6 elapsed=6.156s
[ok] 欲望 shard 11/17 items=5 elapsed=6.254s
[ok] 欲望 shard 12/17 items=6 elapsed=6.902s
[ok] 欲望 shard 13/17 items=7 elapsed=9.124s
[ok] 欲望 shard 14/17 items=9 elapsed=10.232s
[ok] 欲望 shard 15/17 items=5 elapsed=6.742s
[ok] 欲望 shard 16/17 items=6 elapsed=6.782s
[ok] 欲望 shard 17/17 items=8 elapsed=8.021s
[term] 他者: matched_rows=180 shards=30
[ok] 他者 shard 1/30 items=7 elapsed=8.711s
[ok] 他者 shard 2/30 items=7 elapsed=8.901s
[ok] 他者 shard 3/30 items=7 elapsed=8.972s
[ok] 他者 shard 4/30 items=4 elapsed=4.855s
[ok] 他者 shard 5/30 items=6 elapsed=7.896s
[ok] 他者 shard 6/30 items=6 elapsed=6.836s
[ok] 他者 shard 7/30 items=4 elapsed=4.854s
[ok] 他者 shard 8/30 items=7 elapsed=9.59s
[ok] 他者 shard 9/30 items=7 elapsed=7.525s
[ok] 他者 shard 10/30 items=7 elapsed=6.831s
[ok] 他者 shard 11/30 items=6 elapsed=7.498s
[ok] 他者 shard 12/30 items=9 elapsed=13.404s
[ok] 他者 shard 13/30 items=6 elapsed=7.101s
[ok] 他者 shard 14/30 items=4 elapsed=4.781s
[ok] 他者 shard 15/30 items=8 elapsed=7.638s
[error] 他者 shard 16/30 items=0 elapsed=8.258s
[ok] 他者 shard 17/30 items=8 elapsed=9.121s
[ok] 他者 shard 18/30 items=3 elapsed=4.385s
[ok] 他者 shard 19/30 items=4 elapsed=4.799s
[ok] 他者 shard 20/30 items=3 elapsed=3.791s
[ok] 他者 shard 21/30 items=5 elapsed=5.891s
[ok] 他者 shard 22/30 items=8 elapsed=10.163s
[ok] 他者 shard 23/30 items=4 elapsed=5.364s
[ok] 他者 shard 24/30 items=6 elapsed=7.105s
[ok] 他者 shard 25/30 items=7 elapsed=7.183s
[ok] 他者 shard 26/30 items=8 elapsed=9.575s
[ok] 他者 shard 27/30 items=4 elapsed=4.837s
[ok] 他者 shard 28/30 items=3 elapsed=4.25s
[ok] 他者 shard 29/30 items=5 elapsed=6.443s
[ok] 他者 shard 30/30 items=11 elapsed=12.936s
[term] 大他者: matched_rows=111 shards=19
[ok] 大他者 shard 1/19 items=7 elapsed=7.811s
[ok] 大他者 shard 2/19 items=5 elapsed=6.811s
[ok] 大他者 shard 3/19 items=7 elapsed=8.655s
[ok] 大他者 shard 4/19 items=9 elapsed=9.963s
[ok] 大他者 shard 5/19 items=4 elapsed=4.911s
[ok] 大他者 shard 6/19 items=5 elapsed=6.071s
[ok] 大他者 shard 7/19 items=5 elapsed=5.943s
[ok] 大他者 shard 8/19 items=8 elapsed=10.078s
[ok] 大他者 shard 9/19 items=8 elapsed=10.166s
[ok] 大他者 shard 10/19 items=7 elapsed=9.778s
[ok] 大他者 shard 11/19 items=6 elapsed=7.406s
[ok] 大他者 shard 12/19 items=10 elapsed=11.355s
[ok] 大他者 shard 13/19 items=9 elapsed=10.61s
[ok] 大他者 shard 14/19 items=7 elapsed=9.61s
[ok] 大他者 shard 15/19 items=6 elapsed=6.661s
[ok] 大他者 shard 16/19 items=3 elapsed=3.902s
[ok] 大他者 shard 17/19 items=6 elapsed=6.613s
[ok] 大他者 shard 18/19 items=7 elapsed=7.378s
[ok] 大他者 shard 19/19 items=4 elapsed=4.286s
[term] 客体小a: matched_rows=14 shards=3
[ok] 客体小a shard 1/3 items=5 elapsed=5.835s
[ok] 客体小a shard 2/3 items=5 elapsed=5.29s
[ok] 客体小a shard 3/3 items=5 elapsed=6.266s
[term] 结构: matched_rows=180 shards=30
[ok] 结构 shard 1/30 items=4 elapsed=5.139s
[ok] 结构 shard 2/30 items=11 elapsed=10.073s
[ok] 结构 shard 3/30 items=9 elapsed=10.152s
[ok] 结构 shard 4/30 items=9 elapsed=10.43s
[ok] 结构 shard 5/30 items=7 elapsed=8.02s
[error] 结构 shard 6/30 items=0 elapsed=10.105s
[ok] 结构 shard 7/30 items=4 elapsed=4.796s
[ok] 结构 shard 8/30 items=12 elapsed=12.643s
[ok] 结构 shard 9/30 items=8 elapsed=9.395s
[ok] 结构 shard 10/30 items=12 elapsed=10.777s
[ok] 结构 shard 11/30 items=3 elapsed=3.961s
[ok] 结构 shard 12/30 items=11 elapsed=11.09s
[ok] 结构 shard 13/30 items=11 elapsed=11.329s
[ok] 结构 shard 14/30 items=7 elapsed=7.85s
[ok] 结构 shard 15/30 items=7 elapsed=6.796s
[ok] 结构 shard 16/30 items=11 elapsed=11.834s
[ok] 结构 shard 17/30 items=8 elapsed=8.951s
[ok] 结构 shard 18/30 items=5 elapsed=6.117s
[ok] 结构 shard 19/30 items=11 elapsed=10.228s
[ok] 结构 shard 20/30 items=10 elapsed=11.153s
[error] 结构 shard 21/30 items=0 elapsed=180.1s
[error] 结构 shard 22/30 items=0 elapsed=180.099s
[ok] 结构 shard 23/30 items=10 elapsed=11.298s
[ok] 结构 shard 24/30 items=11 elapsed=11.469s
[ok] 结构 shard 25/30 items=6 elapsed=6.549s
[ok] 结构 shard 26/30 items=6 elapsed=6.239s
[ok] 结构 shard 27/30 items=8 elapsed=9.474s
[ok] 结构 shard 28/30 items=10 elapsed=11.728s
[ok] 结构 shard 29/30 items=5 elapsed=6.185s
[ok] 结构 shard 30/30 items=11 elapsed=13.372s
[term] 矛盾: matched_rows=180 shards=30
[ok] 矛盾 shard 1/30 items=7 elapsed=7.154s
[ok] 矛盾 shard 2/30 items=7 elapsed=7.895s
[ok] 矛盾 shard 3/30 items=9 elapsed=10.152s
[ok] 矛盾 shard 4/30 items=10 elapsed=10.427s
[error] 矛盾 shard 5/30 items=0 elapsed=79.306s
[ok] 矛盾 shard 6/30 items=6 elapsed=6.487s
[ok] 矛盾 shard 7/30 items=8 elapsed=8.193s
[ok] 矛盾 shard 8/30 items=7 elapsed=8.193s
[ok] 矛盾 shard 9/30 items=10 elapsed=10.47s
[ok] 矛盾 shard 10/30 items=7 elapsed=8.704s
[ok] 矛盾 shard 11/30 items=7 elapsed=8.666s
[ok] 矛盾 shard 12/30 items=5 elapsed=5.943s
[ok] 矛盾 shard 13/30 items=6 elapsed=7.916s
[ok] 矛盾 shard 14/30 items=8 elapsed=10.455s
[ok] 矛盾 shard 15/30 items=4 elapsed=5.278s
[ok] 矛盾 shard 16/30 items=4 elapsed=4.059s
[ok] 矛盾 shard 17/30 items=4 elapsed=4.906s
[ok] 矛盾 shard 18/30 items=5 elapsed=5.271s
[ok] 矛盾 shard 19/30 items=11 elapsed=12.214s
[ok] 矛盾 shard 20/30 items=8 elapsed=9.807s
[ok] 矛盾 shard 21/30 items=7 elapsed=7.85s
[ok] 矛盾 shard 22/30 items=6 elapsed=7.452s
[ok] 矛盾 shard 23/30 items=3 elapsed=3.532s
[ok] 矛盾 shard 24/30 items=6 elapsed=6.97s
[ok] 矛盾 shard 25/30 items=6 elapsed=6.501s
[ok] 矛盾 shard 26/30 items=6 elapsed=6.446s
[ok] 矛盾 shard 27/30 items=7 elapsed=7.964s
[ok] 矛盾 shard 28/30 items=9 elapsed=12.842s
[ok] 矛盾 shard 29/30 items=6 elapsed=7.626s
[ok] 矛盾 shard 30/30 items=5 elapsed=6.015s
[term] 伦理: matched_rows=180 shards=30
[ok] 伦理 shard 1/30 items=6 elapsed=6.481s
[ok] 伦理 shard 2/30 items=11 elapsed=12.662s
[ok] 伦理 shard 3/30 items=6 elapsed=7.314s
[ok] 伦理 shard 4/30 items=6 elapsed=7.241s
[ok] 伦理 shard 5/30 items=11 elapsed=11.971s
[ok] 伦理 shard 6/30 items=4 elapsed=5.693s
[ok] 伦理 shard 7/30 items=6 elapsed=7.153s
[ok] 伦理 shard 8/30 items=7 elapsed=9.05s
[ok] 伦理 shard 9/30 items=4 elapsed=5.123s
[ok] 伦理 shard 10/30 items=10 elapsed=11.887s
[ok] 伦理 shard 11/30 items=10 elapsed=11.757s
[ok] 伦理 shard 12/30 items=4 elapsed=4.919s
[ok] 伦理 shard 13/30 items=7 elapsed=9.7s
[ok] 伦理 shard 14/30 items=9 elapsed=9.787s
[ok] 伦理 shard 15/30 items=7 elapsed=7.098s
[ok] 伦理 shard 16/30 items=6 elapsed=8.645s
[ok] 伦理 shard 17/30 items=9 elapsed=10.494s
[ok] 伦理 shard 18/30 items=9 elapsed=10.587s
[ok] 伦理 shard 19/30 items=12 elapsed=13.209s
[ok] 伦理 shard 20/30 items=5 elapsed=6.481s
[ok] 伦理 shard 21/30 items=9 elapsed=9.857s
[ok] 伦理 shard 22/30 items=8 elapsed=8.596s
[ok] 伦理 shard 23/30 items=7 elapsed=7.937s
[ok] 伦理 shard 24/30 items=9 elapsed=11.185s
[ok] 伦理 shard 25/30 items=10 elapsed=11.661s
[ok] 伦理 shard 26/30 items=6 elapsed=7.427s
[ok] 伦理 shard 27/30 items=4 elapsed=5.72s
[ok] 伦理 shard 28/30 items=9 elapsed=10.71s
[ok] 伦理 shard 29/30 items=4 elapsed=4.874s
[ok] 伦理 shard 30/30 items=3 elapsed=4.707s
[term] 规范性: matched_rows=42 shards=7
[ok] 规范性 shard 1/7 items=9 elapsed=8.984s
[ok] 规范性 shard 2/7 items=6 elapsed=7.659s
[ok] 规范性 shard 3/7 items=7 elapsed=7.049s
[ok] 规范性 shard 4/7 items=8 elapsed=9.571s
[ok] 规范性 shard 5/7 items=9 elapsed=10.073s
[ok] 规范性 shard 6/7 items=8 elapsed=8.81s
[ok] 规范性 shard 7/7 items=5 elapsed=6.547s
[term] 时间性: matched_rows=110 shards=19
[ok] 时间性 shard 1/19 items=10 elapsed=11.619s
[ok] 时间性 shard 2/19 items=8 elapsed=8.383s
[ok] 时间性 shard 3/19 items=9 elapsed=10.785s
[ok] 时间性 shard 4/19 items=7 elapsed=8.629s
[ok] 时间性 shard 5/19 items=11 elapsed=12.926s
[ok] 时间性 shard 6/19 items=6 elapsed=6.576s
[ok] 时间性 shard 7/19 items=11 elapsed=10.607s
[ok] 时间性 shard 8/19 items=6 elapsed=8.332s
[ok] 时间性 shard 9/19 items=6 elapsed=7.063s
[ok] 时间性 shard 10/19 items=11 elapsed=11.469s
[ok] 时间性 shard 11/19 items=7 elapsed=9.526s
[ok] 时间性 shard 12/19 items=8 elapsed=8.852s
[ok] 时间性 shard 13/19 items=7 elapsed=7.74s
[ok] 时间性 shard 14/19 items=9 elapsed=9.981s
[ok] 时间性 shard 15/19 items=10 elapsed=11.317s
[ok] 时间性 shard 16/19 items=7 elapsed=8.082s
[ok] 时间性 shard 17/19 items=7 elapsed=8.164s
[ok] 时间性 shard 18/19 items=9 elapsed=8.919s
[ok] 时间性 shard 19/19 items=4 elapsed=4.553s
[term] 空间性: matched_rows=60 shards=10
[ok] 空间性 shard 1/10 items=11 elapsed=12.208s
[ok] 空间性 shard 2/10 items=10 elapsed=10.529s
[ok] 空间性 shard 3/10 items=7 elapsed=10.082s
[ok] 空间性 shard 4/10 items=12 elapsed=10.973s
[ok] 空间性 shard 5/10 items=6 elapsed=7.826s
[ok] 空间性 shard 6/10 items=7 elapsed=8.99s
[ok] 空间性 shard 7/10 items=6 elapsed=6.88s
[ok] 空间性 shard 8/10 items=7 elapsed=7.243s
[ok] 空间性 shard 9/10 items=8 elapsed=9.436s
[ok] 空间性 shard 10/10 items=7 elapsed=8.963s
[term] 现象: matched_rows=180 shards=30
[ok] 现象 shard 1/30 items=4 elapsed=5.137s
[ok] 现象 shard 2/30 items=4 elapsed=4.478s
[ok] 现象 shard 3/30 items=4 elapsed=5.298s
[ok] 现象 shard 4/30 items=9 elapsed=9.801s
[ok] 现象 shard 5/30 items=5 elapsed=5.859s
[ok] 现象 shard 6/30 items=4 elapsed=5.051s
[ok] 现象 shard 7/30 items=3 elapsed=3.897s
[ok] 现象 shard 8/30 items=4 elapsed=5.04s
[ok] 现象 shard 9/30 items=11 elapsed=10.574s
[ok] 现象 shard 10/30 items=11 elapsed=12.888s
[ok] 现象 shard 11/30 items=6 elapsed=6.863s
[ok] 现象 shard 12/30 items=3 elapsed=4.098s
[ok] 现象 shard 13/30 items=3 elapsed=3.424s
[ok] 现象 shard 14/30 items=5 elapsed=5.454s
[ok] 现象 shard 15/30 items=5 elapsed=5.056s
[ok] 现象 shard 16/30 items=6 elapsed=6.638s
[ok] 现象 shard 17/30 items=10 elapsed=10.485s
[ok] 现象 shard 18/30 items=6 elapsed=6.476s
[ok] 现象 shard 19/30 items=6 elapsed=6.738s
[ok] 现象 shard 20/30 items=6 elapsed=6.586s
[ok] 现象 shard 21/30 items=4 elapsed=5.15s
[ok] 现象 shard 22/30 items=5 elapsed=5.399s
[ok] 现象 shard 23/30 items=6 elapsed=7.829s
[ok] 现象 shard 24/30 items=5 elapsed=5.304s
[ok] 现象 shard 25/30 items=5 elapsed=6.396s
[ok] 现象 shard 26/30 items=9 elapsed=10.646s
[ok] 现象 shard 27/30 items=5 elapsed=5.368s
[ok] 现象 shard 28/30 items=7 elapsed=7.99s
[ok] 现象 shard 29/30 items=4 elapsed=5.116s
[ok] 现象 shard 30/30 items=7 elapsed=7.8s
[term] 实存: matched_rows=87 shards=15
[ok] 实存 shard 1/15 items=6 elapsed=6.824s
[ok] 实存 shard 2/15 items=5 elapsed=6.068s
[ok] 实存 shard 3/15 items=8 elapsed=8.864s
[ok] 实存 shard 4/15 items=10 elapsed=10.531s
[ok] 实存 shard 5/15 items=4 elapsed=4.988s
[ok] 实存 shard 6/15 items=11 elapsed=11.166s
[ok] 实存 shard 7/15 items=6 elapsed=6.89s
[ok] 实存 shard 8/15 items=3 elapsed=3.667s
[ok] 实存 shard 9/15 items=3 elapsed=4.492s
[ok] 实存 shard 10/15 items=6 elapsed=7.056s
[ok] 实存 shard 11/15 items=7 elapsed=7.281s
[ok] 实存 shard 12/15 items=7 elapsed=7.142s
[ok] 实存 shard 13/15 items=8 elapsed=7.639s
[ok] 实存 shard 14/15 items=7 elapsed=8.766s
[ok] 实存 shard 15/15 items=3 elapsed=3.23s
[term] 自由: matched_rows=180 shards=30
[ok] 自由 shard 1/30 items=8 elapsed=9.293s
[ok] 自由 shard 2/30 items=8 elapsed=10.541s
[ok] 自由 shard 3/30 items=11 elapsed=12.878s
[ok] 自由 shard 4/30 items=11 elapsed=11.926s
[ok] 自由 shard 5/30 items=8 elapsed=7.906s
[ok] 自由 shard 6/30 items=12 elapsed=9.972s
[ok] 自由 shard 7/30 items=6 elapsed=7.316s
[ok] 自由 shard 8/30 items=9 elapsed=9.037s
[ok] 自由 shard 9/30 items=4 elapsed=4.757s
[ok] 自由 shard 10/30 items=9 elapsed=10.451s
[ok] 自由 shard 11/30 items=11 elapsed=11.771s
[ok] 自由 shard 12/30 items=6 elapsed=7.256s
[ok] 自由 shard 13/30 items=4 elapsed=5.201s
[ok] 自由 shard 14/30 items=6 elapsed=7.217s
[ok] 自由 shard 15/30 items=3 elapsed=3.41s
[ok] 自由 shard 16/30 items=4 elapsed=5.81s
[ok] 自由 shard 17/30 items=4 elapsed=4.186s
[ok] 自由 shard 18/30 items=9 elapsed=12.69s
[ok] 自由 shard 19/30 items=3 elapsed=4.826s
[ok] 自由 shard 20/30 items=9 elapsed=11.114s
[ok] 自由 shard 21/30 items=4 elapsed=4.61s
[ok] 自由 shard 22/30 items=10 elapsed=10.815s
[ok] 自由 shard 23/30 items=6 elapsed=6.29s
[ok] 自由 shard 24/30 items=7 elapsed=8.543s
[ok] 自由 shard 25/30 items=5 elapsed=5.63s
[ok] 自由 shard 26/30 items=5 elapsed=5.902s
[ok] 自由 shard 27/30 items=9 elapsed=8.73s
[ok] 自由 shard 28/30 items=5 elapsed=5.944s
[ok] 自由 shard 29/30 items=4 elapsed=4.307s
[ok] 自由 shard 30/30 items=10 elapsed=13.601s
[term] 绝对: matched_rows=180 shards=30
[ok] 绝对 shard 1/30 items=4 elapsed=5.141s
[ok] 绝对 shard 2/30 items=5 elapsed=5.022s
[ok] 绝对 shard 3/30 items=9 elapsed=10.449s
[ok] 绝对 shard 4/30 items=4 elapsed=4.517s
[ok] 绝对 shard 5/30 items=7 elapsed=7.57s
[ok] 绝对 shard 6/30 items=5 elapsed=5.56s
[ok] 绝对 shard 7/30 items=4 elapsed=4.83s
[ok] 绝对 shard 8/30 items=3 elapsed=3.969s
[ok] 绝对 shard 9/30 items=3 elapsed=3.851s
[ok] 绝对 shard 10/30 items=7 elapsed=8.174s
[ok] 绝对 shard 11/30 items=4 elapsed=4.564s
[ok] 绝对 shard 12/30 items=6 elapsed=6.098s
[ok] 绝对 shard 13/30 items=3 elapsed=3.453s
[ok] 绝对 shard 14/30 items=6 elapsed=7.373s
[ok] 绝对 shard 15/30 items=3 elapsed=3.356s
[ok] 绝对 shard 16/30 items=11 elapsed=11.125s
[ok] 绝对 shard 17/30 items=5 elapsed=5.065s
[ok] 绝对 shard 18/30 items=6 elapsed=7.711s
[ok] 绝对 shard 19/30 items=6 elapsed=6.373s
[ok] 绝对 shard 20/30 items=5 elapsed=5.681s
[ok] 绝对 shard 21/30 items=4 elapsed=5.019s
[ok] 绝对 shard 22/30 items=11 elapsed=12.117s
[ok] 绝对 shard 23/30 items=5 elapsed=6.175s
[ok] 绝对 shard 24/30 items=4 elapsed=5.098s
[ok] 绝对 shard 25/30 items=4 elapsed=5.244s
[ok] 绝对 shard 26/30 items=4 elapsed=4.854s
[ok] 绝对 shard 27/30 items=11 elapsed=11.723s
[ok] 绝对 shard 28/30 items=5 elapsed=6.743s
[ok] 绝对 shard 29/30 items=9 elapsed=11.725s
[ok] 绝对 shard 30/30 items=4 elapsed=5.021s
[term] 普遍: matched_rows=180 shards=30
[ok] 普遍 shard 1/30 items=8 elapsed=8.961s
[ok] 普遍 shard 2/30 items=5 elapsed=7.005s
[ok] 普遍 shard 3/30 items=11 elapsed=12.93s
[ok] 普遍 shard 4/30 items=6 elapsed=7.195s
[ok] 普遍 shard 5/30 items=5 elapsed=7.181s
[ok] 普遍 shard 6/30 items=12 elapsed=13.117s
[ok] 普遍 shard 7/30 items=5 elapsed=5.362s
[ok] 普遍 shard 8/30 items=9 elapsed=10.351s
[ok] 普遍 shard 9/30 items=11 elapsed=13.811s
[ok] 普遍 shard 10/30 items=7 elapsed=6.433s
[ok] 普遍 shard 11/30 items=7 elapsed=7.149s
[ok] 普遍 shard 12/30 items=6 elapsed=5.995s
[ok] 普遍 shard 13/30 items=7 elapsed=9.858s
[ok] 普遍 shard 14/30 items=6 elapsed=7.138s
[ok] 普遍 shard 15/30 items=9 elapsed=9.879s
[ok] 普遍 shard 16/30 items=7 elapsed=8.384s
[ok] 普遍 shard 17/30 items=11 elapsed=12.001s
[ok] 普遍 shard 18/30 items=10 elapsed=11.047s
[ok] 普遍 shard 19/30 items=11 elapsed=11.108s
[ok] 普遍 shard 20/30 items=9 elapsed=8.815s
[ok] 普遍 shard 21/30 items=11 elapsed=13.721s
[ok] 普遍 shard 22/30 items=10 elapsed=9.825s
[ok] 普遍 shard 23/30 items=8 elapsed=9.181s
[ok] 普遍 shard 24/30 items=6 elapsed=6.355s
[ok] 普遍 shard 25/30 items=6 elapsed=7.347s
[ok] 普遍 shard 26/30 items=4 elapsed=4.926s
[ok] 普遍 shard 27/30 items=6 elapsed=8.078s
[ok] 普遍 shard 28/30 items=11 elapsed=11.239s
[ok] 普遍 shard 29/30 items=4 elapsed=3.999s
[ok] 普遍 shard 30/30 items=11 elapsed=11.305s
[term] 特殊: matched_rows=89 shards=15
[ok] 特殊 shard 1/15 items=10 elapsed=11.295s
[ok] 特殊 shard 2/15 items=3 elapsed=3.682s
[ok] 特殊 shard 3/15 items=7 elapsed=7.995s
[ok] 特殊 shard 4/15 items=5 elapsed=5.569s
[ok] 特殊 shard 5/15 items=4 elapsed=5.094s
[ok] 特殊 shard 6/15 items=3 elapsed=3.358s
[ok] 特殊 shard 7/15 items=9 elapsed=10.419s
[ok] 特殊 shard 8/15 items=4 elapsed=4.702s
[ok] 特殊 shard 9/15 items=10 elapsed=12.921s
[ok] 特殊 shard 10/15 items=5 elapsed=6.221s
[ok] 特殊 shard 11/15 items=11 elapsed=10.683s
[ok] 特殊 shard 12/15 items=5 elapsed=5.148s
[ok] 特殊 shard 13/15 items=5 elapsed=6.248s
[ok] 特殊 shard 14/15 items=4 elapsed=4.859s
[ok] 特殊 shard 15/15 items=8 elapsed=9.728s
